{
  "0 debug pnpm:scope": {
    "selected": 1,
    "workspacePrefix": "/Users/ashuai/project2021/mine-project/babel"
  },
  "1 info pnpm": {
    "err": {
      "name": "Error",
      "message": "not found: babel",
      "code": "ENOENT",
      "stack": "Error: not found: babel\n    at getNotFoundError (/opt/homebrew/Cellar/pnpm/6.24.2/libexec/lib/node_modules/pnpm/dist/pnpm.cjs:41440:51)\n    at Function.whichSync [as sync] (/opt/homebrew/Cellar/pnpm/6.24.2/libexec/lib/node_modules/pnpm/dist/pnpm.cjs:41517:13)\n    at getCommandAbsolutePathSync (/opt/homebrew/Cellar/pnpm/6.24.2/libexec/lib/node_modules/pnpm/dist/pnpm.cjs:43082:44)\n    at default_1 (/opt/homebrew/Cellar/pnpm/6.24.2/libexec/lib/node_modules/pnpm/dist/pnpm.cjs:43091:32)\n    at /opt/homebrew/Cellar/pnpm/6.24.2/libexec/lib/node_modules/pnpm/dist/pnpm.cjs:179675:39"
    }
  },
  "2 error pnpm": {
    "code": "ERR_PNPM_RECURSIVE_EXEC_FIRST_FAIL",
    "prefix": "/Users/ashuai/project2021/mine-project/babel/packages/1-demo-with-babel-loader",
    "err": {
      "name": "pnpm",
      "message": "not found: babel",
      "code": "ERR_PNPM_RECURSIVE_EXEC_FIRST_FAIL",
      "stack": "Error: not found: babel\n    at getNotFoundError (/opt/homebrew/Cellar/pnpm/6.24.2/libexec/lib/node_modules/pnpm/dist/pnpm.cjs:41440:51)\n    at Function.whichSync [as sync] (/opt/homebrew/Cellar/pnpm/6.24.2/libexec/lib/node_modules/pnpm/dist/pnpm.cjs:41517:13)\n    at getCommandAbsolutePathSync (/opt/homebrew/Cellar/pnpm/6.24.2/libexec/lib/node_modules/pnpm/dist/pnpm.cjs:43082:44)\n    at default_1 (/opt/homebrew/Cellar/pnpm/6.24.2/libexec/lib/node_modules/pnpm/dist/pnpm.cjs:43091:32)\n    at /opt/homebrew/Cellar/pnpm/6.24.2/libexec/lib/node_modules/pnpm/dist/pnpm.cjs:179675:39"
    }
  }
}